<?xml version="1.0" encoding="UTF-8"?>
<!-- Generated by org.testng.reporters.JUnitReportReporter -->
<testsuite skipped="0" hostname="LAPTOP-8V3K0TJC" name="Training.NavBar" tests="1" failures="0" timestamp="08 Dec 2020 09:37:21 GMT" time="3.814" errors="0">
  <testcase name="basePageNavigationNavBar" time="3.814" classname="Training.NavBar"/>
</testsuite> <!-- Training.NavBar -->
