<?xml version="1.0" encoding="UTF-8"?>
<!-- Generated by org.testng.reporters.JUnitReportReporter -->
<testsuite skipped="0" hostname="LAPTOP-8V3K0TJC" name="Training.HomePage" tests="2" failures="0" timestamp="08 Dec 2020 13:28:55 GMT" time="33.004" errors="0">
  <testcase name="basePageNavigation" time="18.990" classname="Training.HomePage"/>
  <testcase name="basePageNavigation" time="14.014" classname="Training.HomePage"/>
</testsuite> <!-- Training.HomePage -->
