<?xml version="1.0" encoding="UTF-8"?>
<!-- Generated by org.testng.reporters.JUnitReportReporter -->
<testsuite skipped="0" hostname="LAPTOP-8V3K0TJC" name="runnerPackage.TestRunner" tests="1" failures="0" timestamp="10 Dec 2020 07:29:58 GMT" time="45.725" errors="0">
  <testcase name="feature" time="45.725" classname="runnerPackage.TestRunner"/>
</testsuite> <!-- runnerPackage.TestRunner -->
