<?xml version="1.0" encoding="UTF-8"?>
<!-- Generated by org.testng.reporters.JUnitReportReporter -->
<testsuite skipped="0" hostname="LAPTOP-8V3K0TJC" name="runnerPackage.TestRunner" tests="1" failures="0" timestamp="2020-12-10T13:06:13 IST" time="50.513" errors="0">
  <testcase name="feature" time="50.513" classname="runnerPackage.TestRunner"/>
  <system-out/>
</testsuite> <!-- runnerPackage.TestRunner -->
